<?xml version="1.0" encoding="UTF-8"?>
<!-- Generated by org.testng.reporters.JUnitReportReporter -->
<testsuite hostname="LTIN590472" failures="0" tests="2" name="com.coursera.tests.LanguageLearningTest" time="4.447" errors="0" timestamp="2025-10-22T12:12:50 IST" skipped="0">
  <testcase classname="com.coursera.tests.LanguageLearningTest" name="TC001_ExpandLanguageOptions" time="2.793"/>
  <testcase classname="com.coursera.tests.LanguageLearningTest" name="TC002_ExtractLanguagesAndLevels" time="1.654"/>
</testsuite> <!-- com.coursera.tests.LanguageLearningTest -->
